app/build/intermediates/manifest_merge_blame_file/release/manifest-merger-blame-release-report.txt
1<?xml version="1.0" encoding="utf-8"?>
2<manifest xmlns:android="http://schemas.android.com/apk/res/android"
3    package="com.firstems.erp"
4    android:versionCode="3"
5    android:versionName="1.0.1" >
6
7    <uses-sdk
8        android:minSdkVersion="21"
8-->src\main\AndroidManifest.xml
9        android:targetSdkVersion="29" />
9-->src\main\AndroidManifest.xml
10
11    <uses-permission android:name="android.permission.CALL_PHONE" />
11-->src\main\AndroidManifest.xml:5:5-69
11-->src\main\AndroidManifest.xml:5:22-66
12    <uses-permission android:name="android.permission.ACCESS_NETWORK_STATE" />
12-->src\main\AndroidManifest.xml:6:5-79
12-->src\main\AndroidManifest.xml:6:22-76
13    <uses-permission android:name="android.permission.INTERNET" />
13-->src\main\AndroidManifest.xml:7:5-67
13-->src\main\AndroidManifest.xml:7:22-64
14    <uses-permission android:name="android.permission.WRITE_EXTERNAL_STORAGE" />
14-->src\main\AndroidManifest.xml:8:5-81
14-->src\main\AndroidManifest.xml:8:22-78
15    <uses-permission android:name="android.permission.READ_EXTERNAL_STORAGE" />
15-->src\main\AndroidManifest.xml:9:5-80
15-->src\main\AndroidManifest.xml:9:22-77
16    <uses-permission android:name="android.permission.VIBRATE" />
16-->src\main\AndroidManifest.xml:10:5-66
16-->src\main\AndroidManifest.xml:10:22-63
17    <uses-permission android:name="android.permission.GET_TASKS" />
17-->src\main\AndroidManifest.xml:11:5-68
17-->src\main\AndroidManifest.xml:11:22-65
18    <uses-permission android:name="android.permission.ACCESS_WIFI_STATE" />
18-->src\main\AndroidManifest.xml:12:5-76
18-->src\main\AndroidManifest.xml:12:22-73
19    <uses-permission android:name="android.permission.CAMERA" />
19-->src\main\AndroidManifest.xml:13:5-65
19-->src\main\AndroidManifest.xml:13:22-62
20    <uses-permission android:name="android.permission.WAKE_LOCK" /> <!-- Required by older versions of Google Play services to create IID tokens -->
20-->[com.google.firebase:firebase-iid:20.2.3] AndroidManifest.xml:24:5-68
20-->[com.google.firebase:firebase-iid:20.2.3] AndroidManifest.xml:24:22-65
21    <uses-permission android:name="com.google.android.c2dm.permission.RECEIVE" />
21-->[com.google.firebase:firebase-iid:20.2.3] AndroidManifest.xml:26:5-82
21-->[com.google.firebase:firebase-iid:20.2.3] AndroidManifest.xml:26:22-79
22
23    <application
23-->src\main\AndroidManifest.xml:14:5-143:19
24        android:name="com.firstems.erp.common.Application"
24-->src\main\AndroidManifest.xml:15:9-43
25        android:allowBackup="true"
25-->src\main\AndroidManifest.xml:16:9-35
26        android:appComponentFactory="androidx.core.app.CoreComponentFactory"
26-->[androidx.core:core:1.3.1] AndroidManifest.xml:24:18-86
27        android:configChanges="locale|layoutDirection"
27-->src\main\AndroidManifest.xml:17:9-55
28        android:hardwareAccelerated="true"
28-->src\main\AndroidManifest.xml:18:9-43
29        android:icon="@mipmap/ic_launcher"
29-->src\main\AndroidManifest.xml:19:9-43
30        android:label="@string/app_name"
30-->src\main\AndroidManifest.xml:20:9-41
31        android:largeHeap="true"
31-->src\main\AndroidManifest.xml:21:9-33
32        android:networkSecurityConfig="@xml/network_security_config"
32-->src\main\AndroidManifest.xml:22:9-69
33        android:requestLegacyExternalStorage="true"
33-->src\main\AndroidManifest.xml:23:9-52
34        android:roundIcon="@mipmap/ic_launcher_round"
34-->src\main\AndroidManifest.xml:24:9-54
35        android:supportsRtl="true"
35-->src\main\AndroidManifest.xml:25:9-35
36        android:theme="@style/AppTheme" >
36-->src\main\AndroidManifest.xml:26:9-40
37        <activity android:name="com.firstems.erp.loading.FlashActivity" />
37-->src\main\AndroidManifest.xml:27:9-68
37-->src\main\AndroidManifest.xml:27:19-56
38        <activity android:name="com.firstems.erp.ui.signature.billpaymentrequest.sophieutamung.SoPhieuTamUngActivity" />
38-->src\main\AndroidManifest.xml:28:9-105
38-->src\main\AndroidManifest.xml:28:19-102
39        <activity
39-->src\main\AndroidManifest.xml:29:9-31:71
40            android:name="com.firstems.erp.ui.more.password.ChangePasswordActivity"
40-->src\main\AndroidManifest.xml:30:13-68
41            android:windowSoftInputMode="stateVisible|adjustResize" />
41-->src\main\AndroidManifest.xml:31:13-68
42        <activity android:name="com.firstems.erp.ui.home.HomeActivity" />
42-->src\main\AndroidManifest.xml:32:9-58
42-->src\main\AndroidManifest.xml:32:19-55
43        <activity android:name="com.firstems.erp.ui.document.detail.DocumnetDetailActivity" />
43-->src\main\AndroidManifest.xml:33:9-79
43-->src\main\AndroidManifest.xml:33:19-76
44        <activity android:name="com.firstems.erp.ui.document.list.DocumentListActivity" />
44-->src\main\AndroidManifest.xml:34:9-75
44-->src\main\AndroidManifest.xml:34:19-72
45        <activity android:name="com.firstems.erp.ui.signature.defaultsignature.DefaultSignatureActivity" />
45-->src\main\AndroidManifest.xml:35:9-92
45-->src\main\AndroidManifest.xml:35:19-89
46        <activity android:name="com.firstems.erp.ui.shared.loaidoituongnhan.DoiTuongNhanActivity" />
46-->src\main\AndroidManifest.xml:36:9-85
46-->src\main\AndroidManifest.xml:36:19-82
47        <activity android:name="com.firstems.erp.ui.shared.image.ImageViewActivity" />
47-->src\main\AndroidManifest.xml:37:9-71
47-->src\main\AndroidManifest.xml:37:19-68
48        <activity android:name="com.firstems.erp.ui.shared.viewer.PDFViewerActivity" />
48-->src\main\AndroidManifest.xml:38:9-72
48-->src\main\AndroidManifest.xml:38:19-69
49        <activity android:name="com.firstems.erp.ui.shared.province.ProvinceActivity" />
49-->src\main\AndroidManifest.xml:39:9-73
49-->src\main\AndroidManifest.xml:39:19-70
50        <activity android:name="com.firstems.erp.ui.shared.national.NationalActivity" />
50-->src\main\AndroidManifest.xml:40:9-73
50-->src\main\AndroidManifest.xml:40:19-70
51        <activity android:name="com.firstems.erp.WebViewActivity" />
51-->src\main\AndroidManifest.xml:41:9-53
51-->src\main\AndroidManifest.xml:41:19-50
52        <activity android:name="com.firstems.erp.ui.shared.relatedfields.RelatedFieldsActivity" />
52-->src\main\AndroidManifest.xml:42:9-83
52-->src\main\AndroidManifest.xml:42:19-80
53        <activity android:name="com.firstems.erp.TestActivity" />
53-->src\main\AndroidManifest.xml:43:9-50
53-->src\main\AndroidManifest.xml:43:19-47
54        <activity android:name="com.firstems.erp.ui.shared.department.DepartmentActivity" />
54-->src\main\AndroidManifest.xml:44:9-77
54-->src\main\AndroidManifest.xml:44:19-74
55        <activity android:name="com.firstems.erp.ui.shared.employee.EmployeeActivity" />
55-->src\main\AndroidManifest.xml:45:9-73
55-->src\main\AndroidManifest.xml:45:19-70
56        <activity android:name="com.firstems.erp.ui.company.SelectCompanyActivity" />
56-->src\main\AndroidManifest.xml:46:9-70
56-->src\main\AndroidManifest.xml:46:19-67
57        <activity android:name="com.firstems.erp.ui.more.help.HelpActivity" />
57-->src\main\AndroidManifest.xml:47:9-63
57-->src\main\AndroidManifest.xml:47:19-60
58        <activity android:name="com.firstems.erp.ui.table.TableActivity" />
58-->src\main\AndroidManifest.xml:48:9-60
58-->src\main\AndroidManifest.xml:48:19-57
59        <activity android:name="com.firstems.erp.ui.date.SelectDateActivity" />
59-->src\main\AndroidManifest.xml:49:9-64
59-->src\main\AndroidManifest.xml:49:19-61
60        <activity
60-->src\main\AndroidManifest.xml:50:9-52:53
61            android:name="com.firstems.erp.ui.chart.ChartViewActivity"
61-->src\main\AndroidManifest.xml:51:13-55
62            android:screenOrientation="landscape" />
62-->src\main\AndroidManifest.xml:52:13-50
63        <activity android:name="com.firstems.erp.ui.more.report.ReporttingActivity" />
63-->src\main\AndroidManifest.xml:53:9-71
63-->src\main\AndroidManifest.xml:53:19-68
64        <activity android:name="com.firstems.erp.ui.dashboard.DashboardActivity" />
64-->src\main\AndroidManifest.xml:54:9-68
64-->src\main\AndroidManifest.xml:54:19-65
65        <activity
65-->src\main\AndroidManifest.xml:55:9-59:71
66            android:name="com.firstems.erp.ui.login.LoginActivity"
66-->src\main\AndroidManifest.xml:56:13-51
67            android:screenOrientation="portrait"
67-->src\main\AndroidManifest.xml:57:13-49
68            android:theme="@style/BaseTheme"
68-->src\main\AndroidManifest.xml:58:13-45
69            android:windowSoftInputMode="stateVisible|adjustResize" />
69-->src\main\AndroidManifest.xml:59:13-68
70        <activity
70-->src\main\AndroidManifest.xml:60:9-62:52
71            android:name="com.firstems.erp.ui.config.ConfigActivity"
71-->src\main\AndroidManifest.xml:61:13-53
72            android:screenOrientation="portrait" />
72-->src\main\AndroidManifest.xml:62:13-49
73        <activity
73-->src\main\AndroidManifest.xml:63:9-65:52
74            android:name="com.firstems.erp.ui.signature.businessregistration.info.BusinessRegistrationInfoActivity"
74-->src\main\AndroidManifest.xml:64:13-100
75            android:screenOrientation="portrait" />
75-->src\main\AndroidManifest.xml:65:13-49
76        <activity
76-->src\main\AndroidManifest.xml:66:9-68:52
77            android:name="com.firstems.erp.ui.approved.detail.ApproveDetailActivity"
77-->src\main\AndroidManifest.xml:67:13-69
78            android:screenOrientation="portrait" />
78-->src\main\AndroidManifest.xml:68:13-49
79        <activity
79-->src\main\AndroidManifest.xml:69:9-71:52
80            android:name="com.firstems.erp.ui.signature.filtersignature.FilterSignatureActivity"
80-->src\main\AndroidManifest.xml:70:13-81
81            android:screenOrientation="portrait" />
81-->src\main\AndroidManifest.xml:71:13-49
82        <activity
82-->src\main\AndroidManifest.xml:72:9-74:52
83            android:name="com.firstems.erp.ui.signature.advanceproposalform.AdvanceProposalFormActivity"
83-->src\main\AndroidManifest.xml:73:13-89
84            android:screenOrientation="portrait" />
84-->src\main\AndroidManifest.xml:74:13-49
85        <activity
85-->src\main\AndroidManifest.xml:75:9-77:52
86            android:name="com.firstems.erp.ui.signature.billpaymentrequest.ticket.TicketBillPaymentRequestActivity"
86-->src\main\AndroidManifest.xml:76:13-100
87            android:screenOrientation="portrait" />
87-->src\main\AndroidManifest.xml:77:13-49
88        <activity
88-->src\main\AndroidManifest.xml:78:9-80:52
89            android:name="com.firstems.erp.ui.signature.billpaymentrequest.BillPaymentRequestActivity"
89-->src\main\AndroidManifest.xml:79:13-87
90            android:screenOrientation="portrait" />
90-->src\main\AndroidManifest.xml:80:13-49
91        <activity
91-->src\main\AndroidManifest.xml:81:9-83:52
92            android:name="com.firstems.erp.ui.signature.businessregistration.BusinessRegistrationActivity"
92-->src\main\AndroidManifest.xml:82:13-91
93            android:screenOrientation="portrait" />
93-->src\main\AndroidManifest.xml:83:13-49
94        <activity
94-->src\main\AndroidManifest.xml:84:9-86:52
95            android:name="com.firstems.erp.ui.signature.servicecontacts.ServiceContactsActivity"
95-->src\main\AndroidManifest.xml:85:13-81
96            android:screenOrientation="portrait" />
96-->src\main\AndroidManifest.xml:86:13-49
97        <activity
97-->src\main\AndroidManifest.xml:87:9-89:52
98            android:name="com.firstems.erp.ui.signature.askpermission.AskPermissionActivity"
98-->src\main\AndroidManifest.xml:88:13-77
99            android:screenOrientation="portrait" />
99-->src\main\AndroidManifest.xml:89:13-49
100        <activity
100-->src\main\AndroidManifest.xml:90:9-92:52
101            android:name="com.firstems.erp.ui.signature.switchshift.info.SwitchShiftInfoActivity"
101-->src\main\AndroidManifest.xml:91:13-82
102            android:screenOrientation="portrait" />
102-->src\main\AndroidManifest.xml:92:13-49
103        <activity
103-->src\main\AndroidManifest.xml:93:9-95:52
104            android:name="com.firstems.erp.ui.signature.switchshift.SwitchShiftActivity"
104-->src\main\AndroidManifest.xml:94:13-73
105            android:screenOrientation="portrait" />
105-->src\main\AndroidManifest.xml:95:13-49
106        <activity
106-->src\main\AndroidManifest.xml:96:9-98:52
107            android:name="com.firstems.erp.ui.signature.askpermission.info.AskPermissionInfoActivity"
107-->src\main\AndroidManifest.xml:97:13-86
108            android:screenOrientation="portrait" />
108-->src\main\AndroidManifest.xml:98:13-49
109        <activity
109-->src\main\AndroidManifest.xml:99:9-101:52
110            android:name="com.firstems.erp.MainActivity"
110-->src\main\AndroidManifest.xml:100:13-41
111            android:screenOrientation="portrait" />
111-->src\main\AndroidManifest.xml:101:13-49
112        <activity
112-->src\main\AndroidManifest.xml:102:9-111:20
113            android:name="com.firstems.erp.loading.LoadingActivity"
113-->src\main\AndroidManifest.xml:103:13-52
114            android:screenOrientation="portrait"
114-->src\main\AndroidManifest.xml:104:13-49
115            android:theme="@style/SplashTheme" >
115-->src\main\AndroidManifest.xml:105:13-47
116            <intent-filter>
116-->src\main\AndroidManifest.xml:106:13-110:29
117                <action android:name="android.intent.action.MAIN" />
117-->src\main\AndroidManifest.xml:107:17-69
117-->src\main\AndroidManifest.xml:107:25-66
118
119                <category android:name="android.intent.category.LAUNCHER" />
119-->src\main\AndroidManifest.xml:109:17-77
119-->src\main\AndroidManifest.xml:109:27-74
120            </intent-filter>
121        </activity>
122
123        <provider
124            android:name="androidx.core.content.FileProvider"
124-->src\main\AndroidManifest.xml:114:13-62
125            android:authorities="com.firstems.erp"
125-->src\main\AndroidManifest.xml:115:13-51
126            android:exported="false"
126-->src\main\AndroidManifest.xml:116:13-37
127            android:grantUriPermissions="true" >
127-->src\main\AndroidManifest.xml:117:13-47
128            <meta-data
128-->src\main\AndroidManifest.xml:118:13-120:54
129                android:name="android.support.FILE_PROVIDER_PATHS"
129-->src\main\AndroidManifest.xml:119:17-67
130                android:resource="@xml/file_paths" />
130-->src\main\AndroidManifest.xml:120:17-51
131        </provider>
132        <provider
133            android:name="com.firstems.erp.common.GenericFileProvider"
133-->src\main\AndroidManifest.xml:123:13-55
134            android:authorities="com.firstems.erp.provider"
134-->src\main\AndroidManifest.xml:124:13-60
135            android:exported="false"
135-->src\main\AndroidManifest.xml:125:13-37
136            android:grantUriPermissions="true" >
136-->src\main\AndroidManifest.xml:126:13-47
137            <meta-data
137-->src\main\AndroidManifest.xml:118:13-120:54
138                android:name="android.support.FILE_PROVIDER_PATHS"
138-->src\main\AndroidManifest.xml:119:17-67
139                android:resource="@xml/provider_paths" />
139-->src\main\AndroidManifest.xml:120:17-51
140        </provider>
141
142        <uses-library
142-->src\main\AndroidManifest.xml:132:9-134:40
143            android:name="org.apache.http.legacy"
143-->src\main\AndroidManifest.xml:133:13-50
144            android:required="false" />
144-->src\main\AndroidManifest.xml:134:13-37
145
146        <meta-data
146-->src\main\AndroidManifest.xml:136:9-138:56
147            android:name="com.google.firebase.messaging.default_notification_icon"
147-->src\main\AndroidManifest.xml:137:13-83
148            android:resource="@drawable/ic_launcher" />
148-->src\main\AndroidManifest.xml:138:13-53
149        <meta-data
149-->src\main\AndroidManifest.xml:139:9-141:71
150            android:name="com.google.firebase.messaging.default_notification_channel_id"
150-->src\main\AndroidManifest.xml:140:13-89
151            android:value="@string/default_notification_channel_id" />
151-->src\main\AndroidManifest.xml:141:13-68
152
153        <activity
153-->[pub.devrel:easypermissions:3.0.0] AndroidManifest.xml:12:9-16:66
154            android:name="pub.devrel.easypermissions.AppSettingsDialogHolderActivity"
154-->[pub.devrel:easypermissions:3.0.0] AndroidManifest.xml:13:13-86
155            android:exported="false"
155-->[pub.devrel:easypermissions:3.0.0] AndroidManifest.xml:14:13-37
156            android:label=""
156-->[pub.devrel:easypermissions:3.0.0] AndroidManifest.xml:15:13-29
157            android:theme="@style/EasyPermissions.Transparent" />
157-->[pub.devrel:easypermissions:3.0.0] AndroidManifest.xml:16:13-63
158        <!--
159             FirebaseMessagingService performs security checks at runtime,
160             but set to not exported to explicitly avoid allowing another app to call it.
161        -->
162        <service
162-->[com.google.firebase:firebase-messaging:20.2.4] AndroidManifest.xml:28:9-35:19
163            android:name="com.google.firebase.messaging.FirebaseMessagingService"
163-->[com.google.firebase:firebase-messaging:20.2.4] AndroidManifest.xml:29:13-82
164            android:directBootAware="true"
164-->[com.google.firebase:firebase-messaging:20.2.4] AndroidManifest.xml:30:13-43
165            android:exported="false" >
165-->[com.google.firebase:firebase-messaging:20.2.4] AndroidManifest.xml:31:13-37
166            <intent-filter android:priority="-500" >
166-->[com.google.firebase:firebase-messaging:20.2.4] AndroidManifest.xml:32:13-34:29
166-->[com.google.firebase:firebase-messaging:20.2.4] AndroidManifest.xml:32:28-51
167                <action android:name="com.google.firebase.MESSAGING_EVENT" />
167-->[com.google.firebase:firebase-messaging:20.2.4] AndroidManifest.xml:33:17-78
167-->[com.google.firebase:firebase-messaging:20.2.4] AndroidManifest.xml:33:25-75
168            </intent-filter>
169        </service>
170        <service
170-->[com.google.firebase:firebase-messaging:20.2.4] AndroidManifest.xml:36:9-42:19
171            android:name="com.google.firebase.components.ComponentDiscoveryService"
171-->[com.google.firebase:firebase-messaging:20.2.4] AndroidManifest.xml:37:13-84
172            android:directBootAware="true"
172-->[com.google.firebase:firebase-common:19.3.0] AndroidManifest.xml:34:13-43
173            android:exported="false" >
173-->[com.google.firebase:firebase-messaging:20.2.4] AndroidManifest.xml:38:13-37
174            <meta-data
174-->[com.google.firebase:firebase-messaging:20.2.4] AndroidManifest.xml:39:13-41:85
175                android:name="com.google.firebase.components:com.google.firebase.messaging.FirebaseMessagingRegistrar"
175-->[com.google.firebase:firebase-messaging:20.2.4] AndroidManifest.xml:40:17-119
176                android:value="com.google.firebase.components.ComponentRegistrar" />
176-->[com.google.firebase:firebase-messaging:20.2.4] AndroidManifest.xml:41:17-82
177            <meta-data
177-->[com.google.firebase:firebase-iid:20.2.3] AndroidManifest.xml:32:13-34:85
178                android:name="com.google.firebase.components:com.google.firebase.iid.Registrar"
178-->[com.google.firebase:firebase-iid:20.2.3] AndroidManifest.xml:33:17-96
179                android:value="com.google.firebase.components.ComponentRegistrar" />
179-->[com.google.firebase:firebase-iid:20.2.3] AndroidManifest.xml:34:17-82
180            <meta-data
180-->[com.google.firebase:firebase-datatransport:17.0.3] AndroidManifest.xml:28:13-30:85
181                android:name="com.google.firebase.components:com.google.firebase.datatransport.TransportRegistrar"
181-->[com.google.firebase:firebase-datatransport:17.0.3] AndroidManifest.xml:29:17-115
182                android:value="com.google.firebase.components.ComponentRegistrar" />
182-->[com.google.firebase:firebase-datatransport:17.0.3] AndroidManifest.xml:30:17-82
183            <meta-data
183-->[com.google.firebase:firebase-installations:16.3.3] AndroidManifest.xml:17:13-19:85
184                android:name="com.google.firebase.components:com.google.firebase.installations.FirebaseInstallationsRegistrar"
184-->[com.google.firebase:firebase-installations:16.3.3] AndroidManifest.xml:18:17-127
185                android:value="com.google.firebase.components.ComponentRegistrar" />
185-->[com.google.firebase:firebase-installations:16.3.3] AndroidManifest.xml:19:17-82
186        </service>
187
188        <activity
188-->[com.droidninja:filepicker:2.2.4] AndroidManifest.xml:18:9-20:62
189            android:name="droidninja.filepicker.FilePickerActivity"
189-->[com.droidninja:filepicker:2.2.4] AndroidManifest.xml:19:13-68
190            android:configChanges="orientation|screenSize" />
190-->[com.droidninja:filepicker:2.2.4] AndroidManifest.xml:20:13-59
191        <activity
191-->[com.droidninja:filepicker:2.2.4] AndroidManifest.xml:21:9-23:62
192            android:name="droidninja.filepicker.MediaDetailsActivity"
192-->[com.droidninja:filepicker:2.2.4] AndroidManifest.xml:22:13-70
193            android:configChanges="orientation|screenSize" />
193-->[com.droidninja:filepicker:2.2.4] AndroidManifest.xml:23:13-59
194
195        <provider
195-->[com.droidninja:filepicker:2.2.4] AndroidManifest.xml:25:9-33:20
196            android:name="droidninja.filepicker.utils.FilePickerProvider"
196-->[com.droidninja:filepicker:2.2.4] AndroidManifest.xml:26:13-74
197            android:authorities="com.firstems.erp.droidninja.filepicker.provider"
197-->[com.droidninja:filepicker:2.2.4] AndroidManifest.xml:27:13-82
198            android:exported="false"
198-->[com.droidninja:filepicker:2.2.4] AndroidManifest.xml:28:13-37
199            android:grantUriPermissions="true" >
199-->[com.droidninja:filepicker:2.2.4] AndroidManifest.xml:29:13-47
200            <meta-data
200-->src\main\AndroidManifest.xml:118:13-120:54
201                android:name="android.support.FILE_PROVIDER_PATHS"
201-->src\main\AndroidManifest.xml:119:17-67
202                android:resource="@xml/provider_paths" />
202-->src\main\AndroidManifest.xml:120:17-51
203        </provider>
204
205        <receiver
205-->[com.google.firebase:firebase-iid:20.2.3] AndroidManifest.xml:37:9-44:20
206            android:name="com.google.firebase.iid.FirebaseInstanceIdReceiver"
206-->[com.google.firebase:firebase-iid:20.2.3] AndroidManifest.xml:38:13-78
207            android:exported="true"
207-->[com.google.firebase:firebase-iid:20.2.3] AndroidManifest.xml:39:13-36
208            android:permission="com.google.android.c2dm.permission.SEND" >
208-->[com.google.firebase:firebase-iid:20.2.3] AndroidManifest.xml:40:13-73
209            <intent-filter>
209-->[com.google.firebase:firebase-iid:20.2.3] AndroidManifest.xml:41:13-43:29
210                <action android:name="com.google.android.c2dm.intent.RECEIVE" />
210-->[com.google.firebase:firebase-iid:20.2.3] AndroidManifest.xml:42:17-81
210-->[com.google.firebase:firebase-iid:20.2.3] AndroidManifest.xml:42:25-78
211            </intent-filter>
212        </receiver>
213
214        <provider
214-->[com.google.firebase:firebase-common:19.3.0] AndroidManifest.xml:26:9-30:39
215            android:name="com.google.firebase.provider.FirebaseInitProvider"
215-->[com.google.firebase:firebase-common:19.3.0] AndroidManifest.xml:27:13-77
216            android:authorities="com.firstems.erp.firebaseinitprovider"
216-->[com.google.firebase:firebase-common:19.3.0] AndroidManifest.xml:28:13-72
217            android:exported="false"
217-->[com.google.firebase:firebase-common:19.3.0] AndroidManifest.xml:29:13-37
218            android:initOrder="100" />
218-->[com.google.firebase:firebase-common:19.3.0] AndroidManifest.xml:30:13-36
219
220        <activity
220-->[com.google.android.gms:play-services-base:17.0.0] AndroidManifest.xml:23:9-26:75
221            android:name="com.google.android.gms.common.api.GoogleApiActivity"
221-->[com.google.android.gms:play-services-base:17.0.0] AndroidManifest.xml:24:13-79
222            android:exported="false"
222-->[com.google.android.gms:play-services-base:17.0.0] AndroidManifest.xml:25:13-37
223            android:theme="@android:style/Theme.Translucent.NoTitleBar" />
223-->[com.google.android.gms:play-services-base:17.0.0] AndroidManifest.xml:26:13-72
224
225        <meta-data
225-->[com.google.android.gms:play-services-basement:17.0.0] AndroidManifest.xml:23:9-25:69
226            android:name="com.google.android.gms.version"
226-->[com.google.android.gms:play-services-basement:17.0.0] AndroidManifest.xml:24:13-58
227            android:value="@integer/google_play_services_version" />
227-->[com.google.android.gms:play-services-basement:17.0.0] AndroidManifest.xml:25:13-66
228
229        <provider
229-->[androidx.lifecycle:lifecycle-process:2.2.0] AndroidManifest.xml:25:9-29:43
230            android:name="androidx.lifecycle.ProcessLifecycleOwnerInitializer"
230-->[androidx.lifecycle:lifecycle-process:2.2.0] AndroidManifest.xml:26:13-79
231            android:authorities="com.firstems.erp.lifecycle-process"
231-->[androidx.lifecycle:lifecycle-process:2.2.0] AndroidManifest.xml:27:13-69
232            android:exported="false"
232-->[androidx.lifecycle:lifecycle-process:2.2.0] AndroidManifest.xml:28:13-37
233            android:multiprocess="true" />
233-->[androidx.lifecycle:lifecycle-process:2.2.0] AndroidManifest.xml:29:13-40
234
235        <service
235-->[com.google.android.datatransport:transport-backend-cct:2.2.0] AndroidManifest.xml:29:9-35:19
236            android:name="com.google.android.datatransport.runtime.backends.TransportBackendDiscovery"
236-->[com.google.android.datatransport:transport-backend-cct:2.2.0] AndroidManifest.xml:30:13-103
237            android:exported="false" >
237-->[com.google.android.datatransport:transport-backend-cct:2.2.0] AndroidManifest.xml:31:13-37
238            <meta-data
238-->[com.google.android.datatransport:transport-backend-cct:2.2.0] AndroidManifest.xml:32:13-34:39
239                android:name="backend:com.google.android.datatransport.cct.CctBackendFactory"
239-->[com.google.android.datatransport:transport-backend-cct:2.2.0] AndroidManifest.xml:33:17-94
240                android:value="cct" />
240-->[com.google.android.datatransport:transport-backend-cct:2.2.0] AndroidManifest.xml:34:17-36
241        </service>
242        <service
242-->[com.google.android.datatransport:transport-runtime:2.2.0] AndroidManifest.xml:26:9-30:19
243            android:name="com.google.android.datatransport.runtime.scheduling.jobscheduling.JobInfoSchedulerService"
243-->[com.google.android.datatransport:transport-runtime:2.2.0] AndroidManifest.xml:27:13-117
244            android:exported="false"
244-->[com.google.android.datatransport:transport-runtime:2.2.0] AndroidManifest.xml:28:13-37
245            android:permission="android.permission.BIND_JOB_SERVICE" >
245-->[com.google.android.datatransport:transport-runtime:2.2.0] AndroidManifest.xml:29:13-69
246        </service>
247
248        <receiver
248-->[com.google.android.datatransport:transport-runtime:2.2.0] AndroidManifest.xml:32:9-34:40
249            android:name="com.google.android.datatransport.runtime.scheduling.jobscheduling.AlarmManagerSchedulerBroadcastReceiver"
249-->[com.google.android.datatransport:transport-runtime:2.2.0] AndroidManifest.xml:33:13-132
250            android:exported="false" />
250-->[com.google.android.datatransport:transport-runtime:2.2.0] AndroidManifest.xml:34:13-37
251    </application>
252
253</manifest>